# JRE version: Java(TM) SE Runtime Environment (8.0_231-b11) (build 1.8.0_231-b11)
# Java VM: Java HotSpot(TM) 64-Bit Server VM (25.231-b11 mixed mode windows-amd64 compressed oops)
Heap:
 PSYoungGen      total 165376K, used 13319K [0x00000000e1100000, 0x00000000eef80000, 0x0000000100000000)
  eden space 150016K, 8% used [0x00000000e1100000,0x00000000e1e01f78,0x00000000ea380000)
  from space 15360K, 0% used [0x00000000ee080000,0x00000000ee080000,0x00000000eef80000)
  to   space 11776K, 0% used [0x00000000ea380000,0x00000000ea380000,0x00000000eaf00000)
 ParOldGen       total 62464K, used 21221K [0x00000000a3200000, 0x00000000a6f00000, 0x00000000e1100000)
  object space 62464K, 33% used [0x00000000a3200000,0x00000000a46b9548,0x00000000a6f00000)
 Metaspace       used 56462K, capacity 59628K, committed 59904K, reserved 1101824K
  class space    used 7878K, capacity 8422K, committed 8448K, reserved 1048576K
GC Heap History (10 events):
Event: 7.585 GC heap before
{Heap before GC invocations=13 (full 2):
 PSYoungGen      total 120832K, used 2467K [0x00000000e1100000, 0x00000000eba80000, 0x0000000100000000)
  eden space 112640K, 0% used [0x00000000e1100000,0x00000000e1100000,0x00000000e7f00000)
  from space 8192K, 30% used [0x00000000e7f00000,0x00000000e8168fe8,0x00000000e8700000)
  to   space 8704K, 0% used [0x00000000eb200000,0x00000000eb200000,0x00000000eba80000)
 ParOldGen       total 41984K, used 13622K [0x00000000a3200000, 0x00000000a5b00000, 0x00000000e1100000)
  object space 41984K, 32% used [0x00000000a3200000,0x00000000a3f4dbd0,0x00000000a5b00000)
 Metaspace       used 33432K, capacity 35376K, committed 35416K, reserved 1079296K
  class space    used 4458K, capacity 4842K, committed 4864K, reserved 1048576K
Event: 7.647 GC heap after
Heap after GC invocations=13 (full 2):
 PSYoungGen      total 120832K, used 0K [0x00000000e1100000, 0x00000000eba80000, 0x0000000100000000)
  eden space 112640K, 0% used [0x00000000e1100000,0x00000000e1100000,0x00000000e7f00000)
  from space 8192K, 0% used [0x00000000e7f00000,0x00000000e7f00000,0x00000000e8700000)
  to   space 8704K, 0% used [0x00000000eb200000,0x00000000eb200000,0x00000000eba80000)
 ParOldGen       total 62464K, used 12467K [0x00000000a3200000, 0x00000000a6f00000, 0x00000000e1100000)
  object space 62464K, 19% used [0x00000000a3200000,0x00000000a3e2cf50,0x00000000a6f00000)
 Metaspace       used 33432K, capacity 35376K, committed 35416K, reserved 1079296K
  class space    used 4458K, capacity 4842K, committed 4864K, reserved 1048576K
}
Event: 35.137 GC heap before
{Heap before GC invocations=14 (full 2):
 PSYoungGen      total 120832K, used 112640K [0x00000000e1100000, 0x00000000eba80000, 0x0000000100000000)
  eden space 112640K, 100% used [0x00000000e1100000,0x00000000e7f00000,0x00000000e7f00000)
  from space 8192K, 0% used [0x00000000e7f00000,0x00000000e7f00000,0x00000000e8700000)
  to   space 8704K, 0% used [0x00000000eb200000,0x00000000eb200000,0x00000000eba80000)
 ParOldGen       total 62464K, used 12467K [0x00000000a3200000, 0x00000000a6f00000, 0x00000000e1100000)
  object space 62464K, 19% used [0x00000000a3200000,0x00000000a3e2cf50,0x00000000a6f00000)
 Metaspace       used 46317K, capacity 48496K, committed 48768K, reserved 1091584K
  class space    used 6290K, capacity 6704K, committed 6784K, reserved 1048576K
Event: 35.156 GC heap after
Heap after GC invocations=14 (full 2):
 PSYoungGen      total 158208K, used 8697K [0x00000000e1100000, 0x00000000eba80000, 0x0000000100000000)
  eden space 149504K, 0% used [0x00000000e1100000,0x00000000e1100000,0x00000000ea300000)
  from space 8704K, 99% used [0x00000000eb200000,0x00000000eba7e740,0x00000000eba80000)
  to   space 11776K, 0% used [0x00000000ea380000,0x00000000ea380000,0x00000000eaf00000)
 ParOldGen       total 62464K, used 18352K [0x00000000a3200000, 0x00000000a6f00000, 0x00000000e1100000)
  object space 62464K, 29% used [0x00000000a3200000,0x00000000a43ec318,0x00000000a6f00000)
 Metaspace       used 46317K, capacity 48496K, committed 48768K, reserved 1091584K
  class space    used 6290K, capacity 6704K, committed 6784K, reserved 1048576K
}
Event: 39.347 GC heap before
{Heap before GC invocations=15 (full 2):
 PSYoungGen      total 158208K, used 158201K [0x00000000e1100000, 0x00000000eba80000, 0x0000000100000000)
  eden space 149504K, 100% used [0x00000000e1100000,0x00000000ea300000,0x00000000ea300000)
  from space 8704K, 99% used [0x00000000eb200000,0x00000000eba7e740,0x00000000eba80000)
  to   space 11776K, 0% used [0x00000000ea380000,0x00000000ea380000,0x00000000eaf00000)
 ParOldGen       total 62464K, used 18352K [0x00000000a3200000, 0x00000000a6f00000, 0x00000000e1100000)
  object space 62464K, 29% used [0x00000000a3200000,0x00000000a43ec318,0x00000000a6f00000)
 Metaspace       used 55718K, capacity 58570K, committed 58752K, reserved 1099776K
  class space    used 7732K, capacity 8253K, committed 8320K, reserved 1048576K
Event: 39.396 GC heap after
Heap after GC invocations=15 (full 2):
 PSYoungGen      total 161792K, used 11762K [0x00000000e1100000, 0x00000000eef80000, 0x0000000100000000)
  eden space 150016K, 0% used [0x00000000e1100000,0x00000000e1100000,0x00000000ea380000)
  from space 11776K, 99% used [0x00000000ea380000,0x00000000eaefcaa8,0x00000000eaf00000)
  to   space 15360K, 0% used [0x00000000ee080000,0x00000000ee080000,0x00000000eef80000)
 ParOldGen       total 62464K, used 24069K [0x00000000a3200000, 0x00000000a6f00000, 0x00000000e1100000)
  object space 62464K, 38% used [0x00000000a3200000,0x00000000a4981650,0x00000000a6f00000)
 Metaspace       used 55718K, capacity 58570K, committed 58752K, reserved 1099776K
  class space    used 7732K, capacity 8253K, committed 8320K, reserved 1048576K
}
Event: 39.827 GC heap before
{Heap before GC invocations=16 (full 2):
 PSYoungGen      total 161792K, used 34017K [0x00000000e1100000, 0x00000000eef80000, 0x0000000100000000)
  eden space 150016K, 14% used [0x00000000e1100000,0x00000000e26bbaa8,0x00000000ea380000)
  from space 11776K, 99% used [0x00000000ea380000,0x00000000eaefcaa8,0x00000000eaf00000)
  to   space 15360K, 0% used [0x00000000ee080000,0x00000000ee080000,0x00000000eef80000)
 ParOldGen       total 62464K, used 24069K [0x00000000a3200000, 0x00000000a6f00000, 0x00000000e1100000)
  object space 62464K, 38% used [0x00000000a3200000,0x00000000a4981650,0x00000000a6f00000)
 Metaspace       used 56154K, capacity 58952K, committed 59008K, reserved 1099776K
  class space    used 7784K, capacity 8290K, committed 8320K, reserved 1048576K
Event: 39.856 GC heap after
Heap after GC invocations=16 (full 2):
 PSYoungGen      total 165376K, used 1134K [0x00000000e1100000, 0x00000000eef80000, 0x0000000100000000)
  eden space 150016K, 0% used [0x00000000e1100000,0x00000000e1100000,0x00000000ea380000)
  from space 15360K, 7% used [0x00000000ee080000,0x00000000ee19b8b0,0x00000000eef80000)
  to   space 11776K, 0% used [0x00000000ea380000,0x00000000ea380000,0x00000000eaf00000)
 ParOldGen       total 62464K, used 28621K [0x00000000a3200000, 0x00000000a6f00000, 0x00000000e1100000)
  object space 62464K, 45% used [0x00000000a3200000,0x00000000a4df36a0,0x00000000a6f00000)
 Metaspace       used 56154K, capacity 58952K, committed 59008K, reserved 1099776K
  class space    used 7784K, capacity 8290K, committed 8320K, reserved 1048576K
}
Event: 39.856 GC heap before
{Heap before GC invocations=17 (full 3):
 PSYoungGen      total 165376K, used 1134K [0x00000000e1100000, 0x00000000eef80000, 0x0000000100000000)
  eden space 150016K, 0% used [0x00000000e1100000,0x00000000e1100000,0x00000000ea380000)
  from space 15360K, 7% used [0x00000000ee080000,0x00000000ee19b8b0,0x00000000eef80000)
  to   space 11776K, 0% used [0x00000000ea380000,0x00000000ea380000,0x00000000eaf00000)
 ParOldGen       total 62464K, used 28621K [0x00000000a3200000, 0x00000000a6f00000, 0x00000000e1100000)
  object space 62464K, 45% used [0x00000000a3200000,0x00000000a4df36a0,0x00000000a6f00000)
 Metaspace       used 56154K, capacity 58952K, committed 59008K, reserved 1099776K
  class space    used 7784K, capacity 8290K, committed 8320K, reserved 1048576K
Event: 40.128 GC heap after
Heap after GC invocations=17 (full 3):
 PSYoungGen      total 165376K, used 0K [0x00000000e1100000, 0x00000000eef80000, 0x0000000100000000)
  eden space 150016K, 0% used [0x00000000e1100000,0x00000000e1100000,0x00000000ea380000)
  from space 15360K, 0% used [0x00000000ee080000,0x00000000ee080000,0x00000000eef80000)
  to   space 11776K, 0% used [0x00000000ea380000,0x00000000ea380000,0x00000000eaf00000)
 ParOldGen       total 62464K, used 21221K [0x00000000a3200000, 0x00000000a6f00000, 0x00000000e1100000)
  object space 62464K, 33% used [0x00000000a3200000,0x00000000a46b9548,0x00000000a6f00000)
 Metaspace       used 56154K, capacity 58952K, committed 59008K, reserved 1099776K
  class space    used 7784K, capacity 8290K, committed 8320K, reserved 1048576K
}

